{
  "RSpec": {
    "coverage": {
      "/Users/sergion/Documents/projects/github/pulse_watch_rails/app/helpers/application_helper.rb": {
        "lines": [
          1,
          null
        ],
        "branches": {}
      },
      "/Users/sergion/Documents/projects/github/pulse_watch_rails/app/helpers/status_helper.rb": {
        "lines": [
          1,
          1,
          21,
          null,
          16,
          null,
          5,
          null,
          0,
          null,
          0,
          null,
          null,
          21,
          null,
          null,
          1,
          53,
          null,
          2,
          null,
          3,
          null,
          48,
          null,
          0,
          null,
          null,
          53,
          null,
          null,
          1,
          53,
          null,
          47,
          null,
          1,
          null,
          0,
          null,
          5,
          null,
          0,
          null,
          null,
          53,
          null,
          null,
          1,
          16,
          null,
          11,
          null,
          5,
          null,
          0,
          null,
          0,
          null,
          0,
          null,
          null,
          null,
          1,
          16,
          null,
          11,
          null,
          5,
          null,
          0,
          null,
          0,
          null,
          0,
          null,
          null,
          null
        ],
        "branches": {
          "[:case, 0, 3, 14, 12, 7]": {
            "[:when, 1, 5, 6, 5, 35]": 16,
            "[:when, 2, 7, 6, 7, 31]": 5,
            "[:when, 3, 9, 6, 9, 37]": 0,
            "[:else, 4, 11, 6, 11, 33]": 0
          },
          "[:case, 5, 18, 14, 27, 7]": {
            "[:when, 6, 20, 6, 20, 31]": 2,
            "[:when, 7, 22, 6, 22, 37]": 3,
            "[:when, 8, 24, 6, 24, 37]": 48,
            "[:else, 9, 26, 6, 26, 33]": 0
          },
          "[:case, 10, 33, 14, 44, 7]": {
            "[:when, 11, 35, 6, 35, 31]": 47,
            "[:when, 12, 37, 6, 37, 37]": 1,
            "[:when, 13, 39, 6, 39, 33]": 0,
            "[:when, 14, 41, 6, 41, 35]": 5,
            "[:else, 15, 43, 6, 43, 33]": 0
          },
          "[:case, 16, 50, 4, 61, 7]": {
            "[:when, 17, 52, 6, 52, 20]": 11,
            "[:when, 18, 54, 6, 54, 21]": 5,
            "[:when, 19, 56, 6, 56, 21]": 0,
            "[:when, 20, 58, 6, 58, 18]": 0,
            "[:else, 21, 60, 6, 60, 19]": 0
          },
          "[:case, 22, 65, 4, 76, 7]": {
            "[:when, 23, 67, 6, 67, 31]": 11,
            "[:when, 24, 69, 6, 69, 28]": 5,
            "[:when, 25, 71, 6, 71, 22]": 0,
            "[:when, 26, 73, 6, 73, 20]": 0,
            "[:else, 27, 75, 6, 75, 15]": 0
          }
        }
      },
      "/Users/sergion/Documents/projects/github/pulse_watch_rails/app/jobs/execute_monitor_check_job.rb": {
        "lines": [
          1,
          1,
          null,
          1,
          null,
          1,
          5,
          4,
          null,
          3,
          null,
          3,
          null,
          null,
          null,
          null,
          null,
          null,
          null,
          3,
          null,
          3,
          null,
          null
        ],
        "branches": {
          "[:unless, 0, 8, 4, 8, 36]": {
            "[:else, 1, 8, 4, 8, 36]": 3,
            "[:then, 2, 8, 4, 8, 10]": 1
          }
        }
      },
      "/Users/sergion/Documents/projects/github/pulse_watch_rails/app/jobs/application_job.rb": {
        "lines": [
          1,
          null,
          null,
          null,
          null,
          null,
          null
        ],
        "branches": {}
      },
      "/Users/sergion/Documents/projects/github/pulse_watch_rails/app/jobs/schedule_monitor_checks_job.rb": {
        "lines": [
          1,
          1,
          null,
          1,
          4,
          3,
          null,
          2,
          null,
          null,
          null,
          1,
          null,
          1,
          null,
          null,
          null,
          null,
          null,
          null,
          null,
          null,
          1,
          null,
          1,
          3,
          null,
          null,
          null
        ],
        "branches": {
          "[:unless, 0, 6, 6, 6, 37]": {
            "[:else, 1, 6, 6, 6, 37]": 2,
            "[:then, 2, 6, 6, 6, 10]": 1
          }
        }
      },
      "/Users/sergion/Documents/projects/github/pulse_watch_rails/app/jobs/send_notification_job.rb": {
        "lines": [
          1,
          1,
          null,
          1,
          null,
          1,
          3,
          3,
          null,
          3,
          5,
          null,
          1,
          null,
          null,
          null,
          null,
          null,
          null,
          1,
          null,
          1,
          5,
          null,
          null,
          null,
          null,
          null
        ],
        "branches": {}
      },
      "/Users/sergion/Documents/projects/github/pulse_watch_rails/app/models/check.rb": {
        "lines": [
          1,
          1,
          null,
          1,
          null,
          2,
          2,
          7,
          2,
          null,
          105,
          null
        ],
        "branches": {}
      },
      "/Users/sergion/Documents/projects/github/pulse_watch_rails/app/models/application_record.rb": {
        "lines": [
          1,
          1,
          null
        ],
        "branches": {}
      },
      "/Users/sergion/Documents/projects/github/pulse_watch_rails/app/models/incident.rb": {
        "lines": [
          1,
          1,
          1,
          null,
          1,
          1,
          null,
          1,
          null,
          1,
          1,
          null,
          33,
          3,
          2,
          null,
          1,
          7,
          null,
          null,
          1,
          null,
          1,
          44,
          null,
          null,
          null,
          null,
          null,
          1,
          12,
          7,
          null,
          5,
          null,
          null,
          null,
          null,
          null
        ],
        "branches": {
          "[:if, 0, 31, 4, 37, 7]": {
            "[:then, 1, 32, 6, 32, 42]": 7,
            "[:else, 2, 34, 6, 36, 34]": 5
          }
        }
      },
      "/Users/sergion/Documents/projects/github/pulse_watch_rails/app/models/incident_update.rb": {
        "lines": [
          1,
          1,
          null,
          1,
          null,
          1,
          null,
          140,
          null
        ],
        "branches": {}
      },
      "/Users/sergion/Documents/projects/github/pulse_watch_rails/app/models/notification_channel.rb": {
        "lines": [
          1,
          1,
          null,
          1,
          1,
          null,
          5,
          null
        ],
        "branches": {}
      },
      "/Users/sergion/Documents/projects/github/pulse_watch_rails/app/models/site_monitor.rb": {
        "lines": [
          1,
          1,
          null,
          1,
          null,
          1,
          1,
          null,
          1,
          null,
          1,
          1,
          1,
          1,
          null,
          1,
          null,
          1,
          null,
          null,
          1,
          null,
          31,
          2,
          null,
          1,
          2,
          null,
          null,
          1,
          null,
          1,
          7,
          null,
          null,
          null,
          null,
          7,
          null,
          null,
          null,
          null,
          null,
          1,
          7,
          7,
          null,
          7,
          0,
          7,
          0,
          7,
          4,
          3,
          0,
          null,
          3,
          null,
          null,
          null
        ],
        "branches": {
          "[:if, 0, 48, 4, 58, 7]": {
            "[:then, 1, 49, 6, 49, 19]": 0,
            "[:else, 2, 50, 4, 57, 18]": 7
          },
          "[:if, 3, 50, 4, 57, 18]": {
            "[:then, 4, 51, 6, 51, 21]": 0,
            "[:else, 5, 52, 4, 57, 18]": 7
          },
          "[:if, 6, 52, 4, 57, 18]": {
            "[:then, 7, 53, 6, 53, 15]": 4,
            "[:else, 8, 54, 4, 57, 18]": 3
          },
          "[:if, 9, 54, 4, 57, 18]": {
            "[:then, 10, 55, 6, 55, 15]": 0,
            "[:else, 11, 57, 6, 57, 18]": 3
          }
        }
      },
      "/Users/sergion/Documents/projects/github/pulse_watch_rails/app/services/incident_manager.rb": {
        "lines": [
          1,
          1,
          null,
          1,
          10,
          null,
          10,
          5,
          null,
          5,
          null,
          null,
          null,
          1,
          null,
          1,
          5,
          null,
          5,
          4,
          4,
          null,
          null,
          null,
          1,
          3,
          null,
          3,
          3,
          3,
          null,
          null,
          null,
          3,
          null,
          null,
          3,
          null,
          null,
          1,
          5,
          null,
          null,
          null,
          19,
          15,
          null,
          null,
          null,
          null,
          1,
          4,
          null,
          4,
          1,
          null,
          3,
          null,
          null,
          null,
          1,
          3,
          null,
          3,
          null,
          null,
          null,
          null,
          3,
          null,
          3,
          null,
          null,
          null,
          null,
          3,
          null,
          3,
          null,
          null,
          1,
          1,
          null,
          1,
          0,
          0,
          null,
          null,
          null,
          null,
          null,
          null,
          1,
          4,
          4,
          0,
          0,
          null,
          null,
          null
        ],
        "branches": {
          "[:if, 0, 7, 4, 11, 7]": {
            "[:then, 1, 8, 6, 8, 68]": 5,
            "[:else, 2, 10, 6, 10, 29]": 5
          },
          "[:if, 3, 8, 6, 8, 68]": {
            "[:then, 4, 8, 6, 8, 30]": 3,
            "[:else, 5, 8, 6, 8, 68]": 2
          },
          "[:if, 6, 19, 4, 22, 7]": {
            "[:then, 7, 20, 6, 21, 64]": 4,
            "[:else, 8, 19, 4, 22, 7]": 1
          },
          "[:unless, 9, 20, 6, 20, 65]": {
            "[:else, 10, 20, 6, 20, 65]": 1,
            "[:then, 11, 20, 6, 20, 44]": 3
          },
          "[:if, 12, 45, 8, 45, 43]": {
            "[:then, 13, 45, 8, 45, 22]": 4,
            "[:else, 14, 45, 8, 45, 43]": 15
          },
          "[:if, 15, 54, 4, 58, 7]": {
            "[:then, 16, 55, 6, 55, 55]": 1,
            "[:else, 17, 57, 6, 57, 52]": 3
          },
          "[:if, 18, 84, 4, 90, 7]": {
            "[:then, 19, 85, 6, 89, 7]": 0,
            "[:else, 20, 84, 4, 90, 7]": 1
          },
          "[:case, 21, 94, 4, 98, 7]": {
            "[:when, 22, 95, 19, 95, 25]": 4,
            "[:when, 23, 96, 20, 96, 26]": 0,
            "[:else, 24, 97, 9, 97, 18]": 0
          }
        }
      },
      "/Users/sergion/Documents/projects/github/pulse_watch_rails/app/services/monitoring_service.rb": {
        "lines": [
          1,
          1,
          null,
          1,
          8,
          null,
          null,
          1,
          8,
          null,
          8,
          8,
          8,
          8,
          8,
          null,
          8,
          8,
          null,
          6,
          null,
          6,
          null,
          null,
          null,
          null,
          null,
          null,
          null,
          1,
          null,
          null,
          null,
          null,
          null,
          null,
          null,
          1,
          null,
          null,
          null,
          null,
          null,
          null,
          null,
          0,
          null,
          null,
          null,
          null,
          null,
          null,
          null,
          null,
          1,
          null,
          1,
          8,
          8,
          7,
          1,
          0,
          0,
          0,
          0,
          0,
          0,
          null,
          null,
          null,
          1,
          8,
          null,
          null
        ],
        "branches": {
          "[:case, 0, 59, 4, 68, 7]": {
            "[:when, 1, 60, 24, 60, 48]": 7,
            "[:when, 2, 61, 24, 61, 49]": 1,
            "[:when, 3, 62, 24, 62, 48]": 0,
            "[:when, 4, 63, 24, 63, 50]": 0,
            "[:when, 5, 64, 24, 64, 51]": 0,
            "[:when, 6, 65, 24, 65, 49]": 0,
            "[:when, 7, 66, 24, 66, 52]": 0,
            "[:else, 8, 67, 9, 67, 33]": 0
          }
        }
      },
      "/Users/sergion/Documents/projects/github/pulse_watch_rails/app/services/uptime_calculator.rb": {
        "lines": [
          1,
          null,
          1,
          null,
          null,
          null,
          null,
          null,
          1,
          12,
          null,
          null,
          1,
          36,
          36,
          36,
          null,
          36,
          null,
          14,
          14,
          14,
          null,
          null,
          1,
          8,
          32,
          null,
          null,
          null
        ],
        "branches": {
          "[:if, 0, 18, 4, 18, 30]": {
            "[:then, 1, 18, 4, 18, 14]": 22,
            "[:else, 2, 18, 4, 18, 30]": 14
          }
        }
      },
      "/Users/sergion/Documents/projects/github/pulse_watch_rails/app/controllers/application_controller.rb": {
        "lines": [
          1,
          null,
          1,
          null,
          null,
          1,
          null
        ],
        "branches": {}
      },
      "/Users/sergion/Documents/projects/github/pulse_watch_rails/app/controllers/admin/incidents_controller.rb": {
        "lines": [
          1,
          1,
          1,
          null,
          1,
          1,
          1,
          null,
          null,
          1,
          1,
          null,
          null,
          1,
          1,
          1,
          null,
          null,
          1,
          2,
          null,
          2,
          0,
          null,
          null,
          2,
          1,
          null,
          1,
          1,
          null,
          null,
          null,
          1,
          0,
          null,
          null,
          1,
          1,
          1,
          0,
          null,
          1,
          null,
          0,
          0,
          null,
          null,
          null,
          1,
          1,
          1,
          null,
          null,
          1,
          null,
          1,
          3,
          null,
          null,
          1,
          3,
          null,
          null,
          null
        ],
        "branches": {
          "[:if, 0, 22, 6, 24, 9]": {
            "[:then, 1, 23, 8, 23, 88]": 0,
            "[:else, 2, 22, 6, 24, 9]": 2
          },
          "[:if, 3, 26, 6, 31, 9]": {
            "[:then, 4, 27, 8, 27, 79]": 1,
            "[:else, 5, 29, 8, 30, 50]": 1
          },
          "[:if, 6, 39, 6, 47, 9]": {
            "[:then, 7, 40, 8, 43, 79]": 1,
            "[:else, 8, 45, 8, 46, 51]": 0
          },
          "[:if, 9, 40, 8, 42, 11]": {
            "[:then, 10, 41, 10, 41, 96]": 0,
            "[:else, 11, 40, 8, 42, 11]": 1
          }
        }
      },
      "/Users/sergion/Documents/projects/github/pulse_watch_rails/app/controllers/admin/base_controller.rb": {
        "lines": [
          1,
          1,
          1,
          null,
          null
        ],
        "branches": {}
      },
      "/Users/sergion/Documents/projects/github/pulse_watch_rails/app/controllers/admin/incident_updates_controller.rb": {
        "lines": [
          1,
          1,
          1,
          null,
          1,
          2,
          null,
          2,
          2,
          null,
          null,
          2,
          2,
          null,
          0,
          null,
          null,
          null,
          1,
          null,
          1,
          2,
          null,
          null,
          1,
          2,
          null,
          null,
          null
        ],
        "branches": {
          "[:if, 0, 8, 6, 10, 9]": {
            "[:then, 1, 9, 8, 9, 68]": 2,
            "[:else, 2, 8, 6, 10, 9]": 0
          },
          "[:if, 3, 12, 6, 16, 9]": {
            "[:then, 4, 13, 8, 13, 76]": 2,
            "[:else, 5, 15, 8, 15, 135]": 0
          }
        }
      },
      "/Users/sergion/Documents/projects/github/pulse_watch_rails/app/controllers/admin/monitors_controller.rb": {
        "lines": [
          1,
          1,
          1,
          null,
          1,
          2,
          null,
          null,
          1,
          5,
          5,
          null,
          null,
          1,
          2,
          null,
          null,
          1,
          3,
          3,
          2,
          null,
          1,
          null,
          null,
          null,
          1,
          null,
          null,
          1,
          3,
          2,
          null,
          1,
          null,
          null,
          null,
          1,
          1,
          1,
          null,
          null,
          1,
          1,
          null,
          null,
          null,
          null,
          null,
          1,
          1,
          null,
          null,
          null,
          1,
          null,
          1,
          12,
          null,
          null,
          1,
          6,
          null,
          null,
          null,
          null,
          null,
          null
        ],
        "branches": {
          "[:if, 0, 20, 6, 24, 9]": {
            "[:then, 1, 21, 8, 21, 89]": 2,
            "[:else, 2, 23, 8, 23, 50]": 1
          },
          "[:if, 3, 31, 6, 35, 9]": {
            "[:then, 4, 32, 8, 32, 89]": 2,
            "[:else, 5, 34, 8, 34, 51]": 1
          }
        }
      },
      "/Users/sergion/Documents/projects/github/pulse_watch_rails/app/controllers/api/v1/incidents_controller.rb": {
        "lines": [
          1,
          1,
          1,
          1,
          null,
          1,
          3,
          3,
          3,
          3,
          null,
          null,
          1,
          1,
          null,
          null,
          1,
          3,
          null,
          3,
          1,
          null,
          null,
          3,
          2,
          null,
          null,
          1,
          2,
          null,
          2,
          1,
          null,
          null,
          2,
          null,
          null,
          1,
          1,
          1,
          null,
          null,
          1,
          null,
          1,
          6,
          null,
          null,
          1,
          5,
          null,
          null,
          null,
          null
        ],
        "branches": {
          "[:if, 0, 8, 8, 8, 88]": {
            "[:then, 1, 8, 8, 8, 60]": 1,
            "[:else, 2, 8, 8, 8, 88]": 2
          },
          "[:if, 3, 20, 8, 22, 11]": {
            "[:then, 4, 21, 10, 21, 89]": 1,
            "[:else, 5, 20, 8, 22, 11]": 2
          },
          "[:if, 6, 31, 8, 33, 11]": {
            "[:then, 7, 32, 10, 32, 90]": 1,
            "[:else, 8, 31, 8, 33, 11]": 1
          }
        }
      },
      "/Users/sergion/Documents/projects/github/pulse_watch_rails/app/controllers/api/v1/base_controller.rb": {
        "lines": [
          1,
          1,
          1,
          1,
          4,
          null,
          null,
          1,
          3,
          null,
          null,
          null,
          null,
          null,
          null,
          null,
          null,
          1,
          1,
          null,
          null,
          1,
          null,
          1,
          8,
          8,
          8,
          8,
          null,
          null,
          1,
          8,
          8,
          8,
          8,
          null,
          null,
          8,
          null,
          null,
          null,
          null,
          null,
          null,
          null,
          null,
          null,
          1,
          26,
          26,
          26,
          null,
          null,
          null,
          null
        ],
        "branches": {
          "[:unless, 0, 50, 8, 50, 45]": {
            "[:else, 1, 50, 8, 50, 45]": 18,
            "[:then, 2, 50, 8, 50, 26]": 8
          }
        }
      },
      "/Users/sergion/Documents/projects/github/pulse_watch_rails/app/serializers/incident_serializer.rb": {
        "lines": [
          1,
          1,
          12,
          12,
          null,
          null,
          1,
          null,
          12,
          null,
          null,
          null,
          null,
          null,
          null,
          null,
          null,
          null,
          12,
          6,
          null,
          null,
          12,
          null,
          null,
          1,
          16,
          null,
          null
        ],
        "branches": {
          "[:\"&.\", 0, 13, 19, 13, 47]": {
            "[:then, 1, 13, 19, 13, 47]": 1,
            "[:else, 2, 13, 19, 13, 47]": 11
          },
          "[:if, 3, 19, 4, 21, 7]": {
            "[:then, 4, 20, 6, 20, 93]": 6,
            "[:else, 5, 19, 4, 21, 7]": 6
          }
        }
      },
      "/Users/sergion/Documents/projects/github/pulse_watch_rails/app/serializers/incident_update_serializer.rb": {
        "lines": [
          1,
          1,
          1,
          null,
          null,
          1,
          null,
          1,
          null,
          null,
          null,
          null,
          null,
          null,
          null,
          null,
          1,
          7,
          null,
          null
        ],
        "branches": {}
      },
      "/Users/sergion/Documents/projects/github/pulse_watch_rails/app/controllers/api/v1/monitors_controller.rb": {
        "lines": [
          1,
          1,
          1,
          1,
          null,
          1,
          3,
          3,
          3,
          null,
          null,
          1,
          1,
          null,
          null,
          1,
          3,
          1,
          null,
          null,
          1,
          2,
          1,
          null,
          null,
          1,
          1,
          1,
          null,
          null,
          1,
          2,
          2,
          2,
          null,
          null,
          1,
          2,
          2,
          null,
          null,
          1,
          null,
          1,
          10,
          null,
          null,
          1,
          5,
          null,
          null,
          null,
          null,
          null,
          null,
          null
        ],
        "branches": {}
      },
      "/Users/sergion/Documents/projects/github/pulse_watch_rails/app/serializers/monitor_serializer.rb": {
        "lines": [
          1,
          1,
          17,
          null,
          null,
          1,
          null,
          17,
          null,
          null,
          null,
          null,
          null,
          null,
          null,
          null,
          null,
          null,
          null,
          null,
          null,
          null,
          1,
          24,
          null,
          null
        ],
        "branches": {
          "[:\"&.\", 0, 17, 23, 17, 55]": {
            "[:then, 1, 17, 23, 17, 55]": 0,
            "[:else, 2, 17, 23, 17, 55]": 17
          }
        }
      },
      "/Users/sergion/Documents/projects/github/pulse_watch_rails/app/serializers/check_serializer.rb": {
        "lines": [
          1,
          1,
          5,
          null,
          null,
          1,
          null,
          5,
          null,
          null,
          null,
          null,
          null,
          null,
          null,
          null,
          null,
          null,
          null,
          1,
          7,
          null,
          null
        ],
        "branches": {}
      },
      "/Users/sergion/Documents/projects/github/pulse_watch_rails/app/controllers/api/v1/statuses_controller.rb": {
        "lines": [
          1,
          1,
          1,
          1,
          7,
          7,
          null,
          7,
          null,
          null,
          null,
          null,
          null,
          null,
          1,
          null,
          1,
          7,
          4,
          3,
          null,
          2,
          null,
          null,
          null,
          null
        ],
        "branches": {
          "[:if, 0, 18, 8, 18, 42]": {
            "[:then, 1, 18, 8, 18, 24]": 3,
            "[:else, 2, 18, 8, 18, 42]": 4
          },
          "[:if, 3, 19, 8, 19, 55]": {
            "[:then, 4, 19, 8, 19, 29]": 1,
            "[:else, 5, 19, 8, 19, 55]": 3
          },
          "[:if, 6, 20, 8, 20, 55]": {
            "[:then, 7, 20, 8, 20, 25]": 1,
            "[:else, 8, 20, 8, 20, 55]": 2
          }
        }
      },
      "/Users/sergion/Documents/projects/github/pulse_watch_rails/app/controllers/status_controller.rb": {
        "lines": [
          1,
          1,
          9,
          9,
          9,
          null,
          null,
          1,
          null,
          1,
          9,
          null,
          5,
          0,
          5,
          0,
          5,
          1,
          4,
          0,
          null,
          4,
          null,
          null,
          null
        ],
        "branches": {
          "[:unless, 0, 11, 4, 11, 48]": {
            "[:else, 1, 11, 4, 11, 48]": 5,
            "[:then, 2, 11, 4, 11, 23]": 4
          },
          "[:if, 3, 13, 4, 23, 7]": {
            "[:then, 4, 14, 6, 14, 19]": 0,
            "[:else, 5, 15, 4, 22, 18]": 5
          },
          "[:if, 6, 15, 4, 22, 18]": {
            "[:then, 7, 16, 6, 16, 21]": 0,
            "[:else, 8, 17, 4, 22, 18]": 5
          },
          "[:if, 9, 17, 4, 22, 18]": {
            "[:then, 10, 18, 6, 18, 15]": 1,
            "[:else, 11, 19, 4, 22, 18]": 4
          },
          "[:if, 12, 19, 4, 22, 18]": {
            "[:then, 13, 20, 6, 20, 15]": 0,
            "[:else, 14, 22, 6, 22, 18]": 4
          }
        }
      },
      "/Users/sergion/Documents/projects/github/pulse_watch_rails/app/channels/application_cable/channel.rb": {
        "lines": [
          0,
          0,
          0,
          0
        ],
        "branches": {}
      },
      "/Users/sergion/Documents/projects/github/pulse_watch_rails/app/channels/application_cable/connection.rb": {
        "lines": [
          0,
          0,
          0,
          0
        ],
        "branches": {}
      },
      "/Users/sergion/Documents/projects/github/pulse_watch_rails/app/mailers/application_mailer.rb": {
        "lines": [
          0,
          0,
          0,
          0
        ],
        "branches": {}
      }
    },
    "timestamp": 1771119963
  }
}
